生成启动时间为 2018/7/9 10:39:31。
     1>项目“C:\Users\14518\Desktop\本科毕业暑假学习\SIFT\软件\基于SIFT的图像拼接\基于SIFT的图像拼接\基于SIFT的图像拼接.vcxproj”在节点 2 上(build 个目标)。
     1>InitializeBuildStatus:
         正在创建“Debug\基于SIFT的图像拼接.unsuccessfulbuild”，因为已指定“AlwaysCreate”。
       ClCompile:
         C:\Program Files (x86)\Microsoft Visual Studio 10.0\VC\bin\CL.exe /c /ZI /nologo /W3 /WX- /Od /Oy- /D _UNICODE /D UNICODE /Gm /EHsc /RTC1 /MDd /GS /fp:precise /Zc:wchar_t /Zc:forScope /Fo"Debug\\" /Fd"Debug\vc100.pdb" /Gd /TP /analyze- /errorReport:prompt "拼接.cpp"
         拼接.cpp
     1>c:\users\14518\desktop\本科毕业暑假学习\sift\软件\基于sift的图像拼接\基于sift的图像拼接\拼接.cpp(84): warning C4244: “=”: 从“double”转换到“float”，可能丢失数据
     1>c:\users\14518\desktop\本科毕业暑假学习\sift\软件\基于sift的图像拼接\基于sift的图像拼接\拼接.cpp(85): warning C4244: “=”: 从“double”转换到“float”，可能丢失数据
     1>c:\users\14518\desktop\本科毕业暑假学习\sift\软件\基于sift的图像拼接\基于sift的图像拼接\拼接.cpp(94): warning C4244: “=”: 从“double”转换到“float”，可能丢失数据
     1>c:\users\14518\desktop\本科毕业暑假学习\sift\软件\基于sift的图像拼接\基于sift的图像拼接\拼接.cpp(95): warning C4244: “=”: 从“double”转换到“float”，可能丢失数据
     1>c:\users\14518\desktop\本科毕业暑假学习\sift\软件\基于sift的图像拼接\基于sift的图像拼接\拼接.cpp(104): warning C4244: “=”: 从“double”转换到“float”，可能丢失数据
     1>c:\users\14518\desktop\本科毕业暑假学习\sift\软件\基于sift的图像拼接\基于sift的图像拼接\拼接.cpp(105): warning C4244: “=”: 从“double”转换到“float”，可能丢失数据
     1>c:\users\14518\desktop\本科毕业暑假学习\sift\软件\基于sift的图像拼接\基于sift的图像拼接\拼接.cpp(114): warning C4244: “=”: 从“double”转换到“float”，可能丢失数据
     1>c:\users\14518\desktop\本科毕业暑假学习\sift\软件\基于sift的图像拼接\基于sift的图像拼接\拼接.cpp(115): warning C4244: “=”: 从“double”转换到“float”，可能丢失数据
     1>c:\users\14518\desktop\本科毕业暑假学习\sift\软件\基于sift的图像拼接\基于sift的图像拼接\拼接.cpp(179): warning C4018: “<”: 有符号/无符号不匹配
     1>c:\users\14518\desktop\本科毕业暑假学习\sift\软件\基于sift的图像拼接\基于sift的图像拼接\拼接.cpp(200): warning C4244: “参数”: 从“float”转换到“int”，可能丢失数据
     1>c:\users\14518\desktop\本科毕业暑假学习\sift\软件\基于sift的图像拼接\基于sift的图像拼接\拼接.cpp(232): warning C4244: “初始化”: 从“float”转换到“int”，可能丢失数据
     1>c:\users\14518\desktop\本科毕业暑假学习\sift\软件\基于sift的图像拼接\基于sift的图像拼接\拼接.cpp(256): warning C4244: “=”: 从“double”转换到“uchar”，可能丢失数据
     1>c:\users\14518\desktop\本科毕业暑假学习\sift\软件\基于sift的图像拼接\基于sift的图像拼接\拼接.cpp(257): warning C4244: “=”: 从“double”转换到“uchar”，可能丢失数据
     1>c:\users\14518\desktop\本科毕业暑假学习\sift\软件\基于sift的图像拼接\基于sift的图像拼接\拼接.cpp(258): warning C4244: “=”: 从“double”转换到“uchar”，可能丢失数据
       Link:
         C:\Program Files (x86)\Microsoft Visual Studio 10.0\VC\bin\link.exe /ERRORREPORT:PROMPT /OUT:"C:\Users\14518\Desktop\本科毕业暑假学习\SIFT\软件\基于SIFT的图像拼接\Debug\基于SIFT的图像拼接.exe" /NOLOGO opencv_calib3d249d.lib opencv_contrib249d.lib opencv_core249d.lib opencv_features2d249d.lib opencv_flann249d.lib opencv_gpu249d.lib opencv_highgui249d.lib opencv_imgproc249d.lib opencv_legacy249d.lib opencv_ml249d.lib opencv_nonfree249d.lib opencv_objdetect249d.lib opencv_ocl249d.lib opencv_photo249d.lib opencv_stitching249d.lib opencv_superres249d.lib opencv_ts249d.lib opencv_video249d.lib opencv_videostab249d.lib opencv_calib3d249.lib opencv_contrib249.lib opencv_core249.lib opencv_features2d249.lib opencv_flann249.lib opencv_gpu249.lib opencv_highgui249.lib opencv_imgproc249.lib opencv_legacy249.lib opencv_ml249.lib opencv_nonfree249.lib opencv_objdetect249.lib opencv_ocl249.lib opencv_photo249.lib opencv_stitching249.lib opencv_superres249.lib opencv_ts249.lib opencv_video249.lib opencv_videostab249.lib kernel32.lib user32.lib gdi32.lib winspool.lib comdlg32.lib advapi32.lib shell32.lib ole32.lib oleaut32.lib uuid.lib odbc32.lib odbccp32.lib /MANIFEST /ManifestFile:"Debug\基于SIFT的图像拼接.exe.intermediate.manifest" /MANIFESTUAC:"level='asInvoker' uiAccess='false'" /DEBUG /PDB:"C:\Users\14518\Desktop\本科毕业暑假学习\SIFT\软件\基于SIFT的图像拼接\Debug\基于SIFT的图像拼接.pdb" /TLBID:1 /DYNAMICBASE /NXCOMPAT /IMPLIB:"C:\Users\14518\Desktop\本科毕业暑假学习\SIFT\软件\基于SIFT的图像拼接\Debug\基于SIFT的图像拼接.lib" /MACHINE:X86 "Debug\拼接.obj"
         LINK : 没有找到 C:\Users\14518\Desktop\本科毕业暑假学习\SIFT\软件\基于SIFT的图像拼接\Debug\基于SIFT的图像拼接.exe 或上一个增量链接没有生成它；正在执行完全链接
         基于SIFT的图像拼接.vcxproj -> C:\Users\14518\Desktop\本科毕业暑假学习\SIFT\软件\基于SIFT的图像拼接\Debug\基于SIFT的图像拼接.exe
       Manifest:
         C:\Program Files (x86)\Microsoft SDKs\Windows\v7.0A\bin\mt.exe /nologo /verbose /outputresource:"C:\Users\14518\Desktop\本科毕业暑假学习\SIFT\软件\基于SIFT的图像拼接\Debug\基于SIFT的图像拼接.exe;#1" /manifest "Debug\基于SIFT的图像拼接.exe.intermediate.manifest"
       FinalizeBuildStatus:
         正在删除文件“Debug\基于SIFT的图像拼接.unsuccessfulbuild”。
         正在对“Debug\基于SIFT的图像拼接.lastbuildstate”执行 Touch 任务。
     1>已完成生成项目“C:\Users\14518\Desktop\本科毕业暑假学习\SIFT\软件\基于SIFT的图像拼接\基于SIFT的图像拼接\基于SIFT的图像拼接.vcxproj”(build 个目标)的操作。

生成成功。

已用时间 00:00:02.09
